<?xml version="1.0" encoding="UTF-8"?>
<!-- Generated by org.testng.reporters.JUnitReportReporter -->
<testsuite hostname="ranjith-PC" failures="0" tests="1" name="com.TestNGClass.ClassTestTestNG" time="0.037" errors="0" timestamp="2021-12-28T22:48:25 IST" skipped="0">
  <testcase classname="com.TestNGClass.ClassTestTestNG" name="TestingFaceBook" time="0.037"/>
  <system-out/>
</testsuite> <!-- com.TestNGClass.ClassTestTestNG -->
